{"uid":"51071c70010e912","name":"Click tabs and check their content","fullName":"tests.widgets_test.TestTabs#test_click_tabs","historyId":"e6b07490113a9cabf106012ee46998a6","time":{"start":1725186462641,"stop":1725186465066,"duration":2425},"status":"failed","statusMessage":"AssertionError: Another tab content is expected\nassert 0 == 613","statusTrace":"self = <tests.widgets_test.TestWidgets.TestTabs object at 0x7fc25e2bfce0>\ndriver = <selenium.webdriver.chrome.webdriver.WebDriver (session=\"c48259954e31382b1d2b99f77e40c02b\")>\ntab = 'use', expected_tab_name = 'Use', expected_content_length = 613\n\n    @allure.title('Click tabs and check their content')\n    @pytest.mark.parametrize('tab, expected_tab_name, expected_content_length', [\n        ('what', 'What', 574),\n        ('origin', 'Origin', 1059),\n        ('use', 'Use', 613)\n    ])\n    def test_click_tabs(self, driver, tab, expected_tab_name, expected_content_length):\n        tabs_page = TabsPage(driver, 'https://demoqa.com/tabs')\n        tabs_page.open()\n        tabs_page.remove_footer()\n        tab_name, tab_content_len = tabs_page.check_tabs(tab)\n    \n        assert tab_name == expected_tab_name, 'Tab name has not been shown'\n>       assert tab_content_len == expected_content_length, 'Another tab content is expected'\nE       AssertionError: Another tab content is expected\nE       assert 0 == 613\n\ntests/widgets_test.py:130: AssertionError","flaky":true,"newFailed":true,"newBroken":false,"newPassed":false,"retriesCount":0,"retriesStatusChange":false,"beforeStages":[{"name":"_session_faker","time":{"start":1725186283371,"stop":1725186283389,"duration":18},"status":"passed","steps":[],"attachments":[],"parameters":[],"shouldDisplayMessage":false,"stepsCount":0,"attachmentsCount":0,"hasContent":false},{"name":"driver","time":{"start":1725186462275,"stop":1725186462640,"duration":365},"status":"passed","steps":[],"attachments":[],"parameters":[],"shouldDisplayMessage":false,"stepsCount":0,"attachmentsCount":0,"hasContent":false}],"testStage":{"status":"failed","statusMessage":"AssertionError: Another tab content is expected\nassert 0 == 613","statusTrace":"self = <tests.widgets_test.TestWidgets.TestTabs object at 0x7fc25e2bfce0>\ndriver = <selenium.webdriver.chrome.webdriver.WebDriver (session=\"c48259954e31382b1d2b99f77e40c02b\")>\ntab = 'use', expected_tab_name = 'Use', expected_content_length = 613\n\n    @allure.title('Click tabs and check their content')\n    @pytest.mark.parametrize('tab, expected_tab_name, expected_content_length', [\n        ('what', 'What', 574),\n        ('origin', 'Origin', 1059),\n        ('use', 'Use', 613)\n    ])\n    def test_click_tabs(self, driver, tab, expected_tab_name, expected_content_length):\n        tabs_page = TabsPage(driver, 'https://demoqa.com/tabs')\n        tabs_page.open()\n        tabs_page.remove_footer()\n        tab_name, tab_content_len = tabs_page.check_tabs(tab)\n    \n        assert tab_name == expected_tab_name, 'Tab name has not been shown'\n>       assert tab_content_len == expected_content_length, 'Another tab content is expected'\nE       AssertionError: Another tab content is expected\nE       assert 0 == 613\n\ntests/widgets_test.py:130: AssertionError","steps":[{"name":"Open an url","time":{"start":1725186462642,"stop":1725186464983,"duration":2341},"status":"passed","steps":[],"attachments":[],"parameters":[],"shouldDisplayMessage":false,"stepsCount":0,"attachmentsCount":0,"hasContent":false},{"name":"Remove browser page footer","time":{"start":1725186464983,"stop":1725186464990,"duration":7},"status":"passed","steps":[],"attachments":[],"parameters":[],"shouldDisplayMessage":false,"stepsCount":0,"attachmentsCount":0,"hasContent":false},{"name":"Check content of tabs","time":{"start":1725186464990,"stop":1725186465066,"duration":76},"status":"passed","steps":[{"name":"Check that element is visible","time":{"start":1725186464990,"stop":1725186465006,"duration":16},"status":"passed","steps":[],"attachments":[],"parameters":[{"name":"locator","value":"('css selector', 'a[id=\"demo-tab-use\"]')"},{"name":"timeout","value":"6"}],"shouldDisplayMessage":false,"stepsCount":0,"attachmentsCount":0,"hasContent":true},{"name":"Check that element is present","time":{"start":1725186465040,"stop":1725186465050,"duration":10},"status":"passed","steps":[],"attachments":[],"parameters":[{"name":"locator","value":"('css selector', 'div[id=\"demo-tabpane-use\"]')"},{"name":"timeout","value":"6"}],"shouldDisplayMessage":false,"stepsCount":0,"attachmentsCount":0,"hasContent":true}],"attachments":[],"parameters":[{"name":"tab_name","value":"'use'"}],"shouldDisplayMessage":false,"stepsCount":2,"attachmentsCount":0,"hasContent":true}],"attachments":[],"parameters":[],"shouldDisplayMessage":true,"stepsCount":5,"attachmentsCount":0,"hasContent":true},"afterStages":[{"name":"driver::0","time":{"start":1725186465072,"stop":1725186465141,"duration":69},"status":"passed","steps":[],"attachments":[],"parameters":[],"shouldDisplayMessage":false,"stepsCount":0,"attachmentsCount":0,"hasContent":false}],"labels":[{"name":"feature","value":"Tabs"},{"name":"suite","value":"Widgets"},{"name":"parentSuite","value":"tests"},{"name":"subSuite","value":"TestWidgets"},{"name":"host","value":"fv-az1780-354"},{"name":"thread","value":"3293-MainThread"},{"name":"framework","value":"pytest"},{"name":"language","value":"cpython3"},{"name":"package","value":"tests.widgets_test"},{"name":"resultFormat","value":"allure2"}],"parameters":[{"name":"expected_content_length","value":"613"},{"name":"expected_tab_name","value":"'Use'"},{"name":"tab","value":"'use'"}],"links":[],"hidden":false,"retry":false,"extra":{"severity":"normal","retries":[],"categories":[{"name":"Product defects","matchedStatuses":[],"flaky":false}],"history":{"statistic":{"failed":2,"broken":0,"skipped":0,"passed":1,"unknown":0,"total":3},"items":[{"uid":"44f32bfa43f3c36c","reportUrl":"https://anlevina.github.io/python_ui_tests/46//#testresult/44f32bfa43f3c36c","status":"passed","time":{"start":1725134848727,"stop":1725134851141,"duration":2414}},{"uid":"2ec6e65130264caf","reportUrl":"https://anlevina.github.io/python_ui_tests/44//#testresult/2ec6e65130264caf","status":"failed","statusDetails":"AssertionError: Another tab content is expected\nassert 0 == 613","time":{"start":1725101283417,"stop":1725101285843,"duration":2426}}]},"tags":[]},"source":"51071c70010e912.json","parameterValues":["613","'Use'","'use'"]}