{"uid":"ede4a36be5a2df2","name":"Set date via web calender widget","fullName":"tests.widgets_test.TestDatePicker#test_set_date","historyId":"ab0de2ce2abe414e8ee996087a9da7fe","time":{"start":1725134780070,"stop":1725134782859,"duration":2789},"status":"failed","statusMessage":"AssertionError: Date has not been set\nassert '08/31/2024' != '08/31/2024'","statusTrace":"self = <tests.widgets_test.TestWidgets.TestDatePicker object at 0x7f0fa8109fa0>\ndriver = <selenium.webdriver.chrome.webdriver.WebDriver (session=\"f5719a4caf8caa17791255f11a684858\")>\n\n    @allure.title('Set date via web calender widget')\n    def test_set_date(self, driver):\n        datepicker_page = DatePickerPage(driver, 'https://demoqa.com/date-picker')\n        datepicker_page.open()\n        datepicker_page.remove_footer()\n        date_before, date_after = datepicker_page.set_date()\n    \n>       assert date_after != date_before, 'Date has not been set'\nE       AssertionError: Date has not been set\nE       assert '08/31/2024' != '08/31/2024'\n\ntests/widgets_test.py:76: AssertionError","flaky":false,"newFailed":true,"newBroken":false,"newPassed":false,"retriesCount":0,"retriesStatusChange":false,"beforeStages":[{"name":"_session_faker","time":{"start":1725134489405,"stop":1725134489424,"duration":19},"status":"passed","steps":[],"attachments":[],"parameters":[],"shouldDisplayMessage":false,"stepsCount":0,"attachmentsCount":0,"hasContent":false},{"name":"driver","time":{"start":1725134779718,"stop":1725134780069,"duration":351},"status":"passed","steps":[],"attachments":[],"parameters":[],"shouldDisplayMessage":false,"stepsCount":0,"attachmentsCount":0,"hasContent":false}],"afterStages":[{"name":"driver::0","time":{"start":1725134782863,"stop":1725134782934,"duration":71},"status":"passed","steps":[],"attachments":[],"parameters":[],"shouldDisplayMessage":false,"stepsCount":0,"attachmentsCount":0,"hasContent":false}],"labels":[{"name":"feature","value":"Date and time picker"},{"name":"suite","value":"Widgets"},{"name":"parentSuite","value":"tests"},{"name":"subSuite","value":"TestWidgets"},{"name":"host","value":"fv-az1208-227"},{"name":"thread","value":"3293-MainThread"},{"name":"framework","value":"pytest"},{"name":"language","value":"cpython3"},{"name":"package","value":"tests.widgets_test"},{"name":"resultFormat","value":"allure2"}],"parameters":[],"links":[],"hidden":false,"retry":false,"extra":{"severity":"normal","retries":[],"categories":[{"name":"Product defects","matchedStatuses":[],"flaky":false}],"history":{"statistic":{"failed":1,"broken":1,"skipped":0,"passed":0,"unknown":0,"total":2},"items":[{"uid":"d36b8d06292091f5","reportUrl":"https://anlevina.github.io/python_ui_tests/44//#testresult/d36b8d06292091f5","status":"broken","statusDetails":"selenium.common.exceptions.TimeoutException: Message: \nStacktrace:\n#0 0x55922e0928da <unknown>\n#1 0x55922dd60e50 <unknown>\n#2 0x55922ddb0644 <unknown>\n#3 0x55922ddb0931 <unknown>\n#4 0x55922ddf6534 <unknown>\n#5 0x55922ddd54bd <unknown>\n#6 0x55922ddf39c6 <unknown>\n#7 0x55922ddd5233 <unknown>\n#8 0x55922dda3093 <unknown>\n#9 0x55922dda409e <unknown>\n#10 0x55922e059b3b <unknown>\n#11 0x55922e05daf1 <unknown>\n#12 0x55922e045705 <unknown>\n#13 0x55922e05e662 <unknown>\n#14 0x55922e02a8df <unknown>\n#15 0x55922e0816d8 <unknown>\n#16 0x55922e0818a2 <unknown>\n#17 0x55922e0916cc <unknown>\n#18 0x7f06ab694ac3 <unknown>","time":{"start":1725101248077,"stop":1725101257990,"duration":9913}}]},"tags":[]},"source":"ede4a36be5a2df2.json","parameterValues":[]}